[debug] [2023-01-03T20:33:00.351Z] ----------------------------------------------------------------------
[debug] [2023-01-03T20:33:00.358Z] Command:       C:\Program Files\nodejs\node.exe C:\Users\joannegs\AppData\Roaming\npm\node_modules\firebase-tools\lib\bin\firebase.js emulators:start --only functions,hosting
[debug] [2023-01-03T20:33:00.360Z] CLI Version:   11.19.0
[debug] [2023-01-03T20:33:00.360Z] Platform:      win32
[debug] [2023-01-03T20:33:00.360Z] Node Version:  v16.16.0
[debug] [2023-01-03T20:33:00.364Z] Time:          Tue Jan 03 2023 17:33:00 GMT-0300 (Horário Padrão de Brasília)
[debug] [2023-01-03T20:33:00.364Z] ----------------------------------------------------------------------
[debug] 
[debug] [2023-01-03T20:33:00.690Z] > command requires scopes: ["email","openid","https://www.googleapis.com/auth/cloudplatformprojects.readonly","https://www.googleapis.com/auth/firebase","https://www.googleapis.com/auth/cloud-platform"]
[debug] [2023-01-03T20:33:00.691Z] > authorizing via signed-in user (ufapedev@gmail.com)
[info] i  emulators: Starting emulators: functions, hosting {"metadata":{"emulator":{"name":"hub"},"message":"Starting emulators: functions, hosting"}}
[debug] [2023-01-03T20:33:00.730Z] [logging] Logging Emulator only supports listening on one address (127.0.0.1). Not listening on ::1
[debug] [2023-01-03T20:33:00.731Z] [hosting] Hosting Emulator only supports listening on one address (127.0.0.1). Not listening on ::1
[debug] [2023-01-03T20:33:00.731Z] assigned listening specs for emulators {"user":{"hub":[{"address":"127.0.0.1","family":"IPv4","port":4400},{"address":"::1","family":"IPv6","port":4400}],"ui":[{"address":"127.0.0.1","family":"IPv4","port":4000},{"address":"::1","family":"IPv6","port":4000}],"logging":[{"address":"127.0.0.1","family":"IPv4","port":4500}],"hosting":[{"address":"127.0.0.1","family":"IPv4","port":5000}]},"metadata":{"message":"assigned listening specs for emulators"}}
[debug] [2023-01-03T20:33:00.758Z] [hub] writing locator at C:\Users\joannegs\AppData\Local\Temp\hub-api-pyre.json
[debug] [2023-01-03T20:33:00.831Z] [functions] Functions Emulator only supports listening on one address (127.0.0.1). Not listening on ::1
[debug] [2023-01-03T20:33:00.832Z] [eventarc] Eventarc Emulator only supports listening on one address (127.0.0.1). Not listening on ::1
[debug] [2023-01-03T20:33:00.833Z] late-assigned ports for functions and eventarc emulators {"user":{"hub":[{"address":"127.0.0.1","family":"IPv4","port":4400},{"address":"::1","family":"IPv6","port":4400}],"ui":[{"address":"127.0.0.1","family":"IPv4","port":4000},{"address":"::1","family":"IPv6","port":4000}],"logging":[{"address":"127.0.0.1","family":"IPv4","port":4500}],"hosting":[{"address":"127.0.0.1","family":"IPv4","port":5000}],"functions":[{"address":"127.0.0.1","family":"IPv4","port":5001}],"eventarc":[{"address":"127.0.0.1","family":"IPv4","port":9299}]},"metadata":{"message":"late-assigned ports for functions and eventarc emulators"}}
[warn] !  functions: The following emulators are not running, calls to these services from the Functions emulator will affect production: auth, firestore, database, pubsub, storage {"metadata":{"emulator":{"name":"functions"},"message":"The following emulators are not running, calls to these services from the Functions emulator will affect production: \u001b[1mauth, firestore, database, pubsub, storage\u001b[22m"}}
[info] +  functions: Using node@16 from host. {"metadata":{"emulator":{"name":"functions"},"message":"Using node@16 from host."}}
[debug] [2023-01-03T20:33:00.919Z] defaultcredentials: writing to file C:\Users\joannegs\AppData\Roaming\firebase\ufapedev_gmail_com_application_default_credentials.json
[debug] [2023-01-03T20:33:00.936Z] Setting GAC to C:\Users\joannegs\AppData\Roaming\firebase\ufapedev_gmail_com_application_default_credentials.json {"metadata":{"emulator":{"name":"functions"},"message":"Setting GAC to C:\\Users\\joannegs\\AppData\\Roaming\\firebase\\ufapedev_gmail_com_application_default_credentials.json"}}
[debug] [2023-01-03T20:33:00.943Z] >>> [apiv2][query] GET https://firebase.googleapis.com/v1beta1/projects/api-pyre/adminSdkConfig [none]
[debug] [2023-01-03T20:33:01.477Z] <<< [apiv2][status] GET https://firebase.googleapis.com/v1beta1/projects/api-pyre/adminSdkConfig 200
[debug] [2023-01-03T20:33:01.478Z] <<< [apiv2][body] GET https://firebase.googleapis.com/v1beta1/projects/api-pyre/adminSdkConfig {"projectId":"api-pyre","storageBucket":"api-pyre.appspot.com"}
[debug] [2023-01-03T20:33:01.543Z] >>> [apiv2][query] GET https://firebasehosting.googleapis.com/v1beta1/projects/api-pyre/sites 
[debug] [2023-01-03T20:33:02.809Z] <<< [apiv2][status] GET https://firebasehosting.googleapis.com/v1beta1/projects/api-pyre/sites 200
[debug] [2023-01-03T20:33:02.809Z] <<< [apiv2][body] GET https://firebasehosting.googleapis.com/v1beta1/projects/api-pyre/sites {"sites":[{"name":"projects/api-pyre/sites/api-pyre","defaultUrl":"https://api-pyre.web.app","type":"DEFAULT_SITE"}]}
[debug] [2023-01-03T20:33:02.810Z] >>> [apiv2][query] GET https://firebase.googleapis.com/v1beta1/projects/api-pyre/webApps/-/config [none]
[debug] [2023-01-03T20:33:03.719Z] <<< [apiv2][status] GET https://firebase.googleapis.com/v1beta1/projects/api-pyre/webApps/-/config 200
[debug] [2023-01-03T20:33:03.720Z] <<< [apiv2][body] GET https://firebase.googleapis.com/v1beta1/projects/api-pyre/webApps/-/config {"projectId":"api-pyre","storageBucket":"api-pyre.appspot.com","apiKey":"AIzaSyBMtEmUXTlmEFWLP-11h7XIPMXfIkOZKZs","authDomain":"api-pyre.firebaseapp.com","messagingSenderId":"573797017509"}
[debug] [2023-01-03T20:33:03.732Z] >>> [apiv2][query] GET https://firebase.googleapis.com/v1beta1/projects/api-pyre [none]
[debug] [2023-01-03T20:33:04.254Z] <<< [apiv2][status] GET https://firebase.googleapis.com/v1beta1/projects/api-pyre 200
[debug] [2023-01-03T20:33:04.255Z] <<< [apiv2][body] GET https://firebase.googleapis.com/v1beta1/projects/api-pyre {"projectId":"api-pyre","projectNumber":"573797017509","displayName":"API-pyre","name":"projects/api-pyre","resources":{"hostingSite":"api-pyre"},"state":"ACTIVE","etag":"1_88941f98-155f-46a4-a382-4ef6f253575f"}
[debug] [2023-01-03T20:33:04.259Z] Specified "public" directory "public" does not exist; Deploy to Hosting site "api-pyre" may fail or be empty.
[info] i  hosting[api-pyre]: Serving hosting files from: public {"metadata":{"emulator":{"name":"hosting"},"message":"Serving hosting files from: \u001b[1mpublic\u001b[22m"}}
[info] +  hosting[api-pyre]: Local server: http://127.0.0.1:5000 {"metadata":{"emulator":{"name":"hosting"},"message":"Local server: \u001b[4m\u001b[1mhttp://127.0.0.1:5000\u001b[22m\u001b[24m"}}
[debug] [2023-01-03T20:33:04.390Z] Ignoring unsupported arg: auto_download {"metadata":{"emulator":{"name":"ui"},"message":"Ignoring unsupported arg: auto_download"}}
[debug] [2023-01-03T20:33:04.391Z] Ignoring unsupported arg: port {"metadata":{"emulator":{"name":"ui"},"message":"Ignoring unsupported arg: port"}}
[debug] [2023-01-03T20:33:04.391Z] Starting Emulator UI with command {"binary":"node","args":["C:\\Users\\joannegs\\.cache\\firebase\\emulators\\ui-v1.11.1\\server\\server.js"],"optionalArgs":[],"joinArgs":false} {"metadata":{"emulator":{"name":"ui"},"message":"Starting Emulator UI with command {\"binary\":\"node\",\"args\":[\"C:\\\\Users\\\\joannegs\\\\.cache\\\\firebase\\\\emulators\\\\ui-v1.11.1\\\\server\\\\server.js\"],\"optionalArgs\":[],\"joinArgs\":false}"}}
[info] i  ui: Emulator UI logging to ui-debug.log {"metadata":{"emulator":{"name":"ui"},"message":"Emulator UI logging to \u001b[1mui-debug.log\u001b[22m"}}
[debug] [2023-01-03T20:33:04.764Z] Web / API server started at 127.0.0.1:4000
 {"metadata":{"emulator":{"name":"ui"},"message":"Web / API server started at 127.0.0.1:4000\n"}}
[debug] [2023-01-03T20:33:04.765Z] Web / API server started at ::1:4000
 {"metadata":{"emulator":{"name":"ui"},"message":"Web / API server started at ::1:4000\n"}}
[info] i  functions: Watching "C:\Users\joannegs\Desktop\projects\projeto-cultural\server\functions" for Cloud Functions... {"metadata":{"emulator":{"name":"functions"},"message":"Watching \"C:\\Users\\joannegs\\Desktop\\projects\\projeto-cultural\\server\\functions\" for Cloud Functions..."}}
[debug] [2023-01-03T20:33:04.979Z] Validating nodejs source
[debug] [2023-01-03T20:33:08.769Z] > [functions] package.json contents: {
  "name": "functions",
  "scripts": {
    "build": "tsc",
    "build:watch": "tsc --watch",
    "serve": "npm run build && firebase emulators:start --only functions,hosting",
    "shell": "npm run build && firebase functions:shell",
    "start": "npm run shell",
    "deploy": "firebase deploy --only functions",
    "logs": "firebase functions:log"
  },
  "engines": {
    "node": "16"
  },
  "main": "lib/functions/src/index.js",
  "dependencies": {
    "@types/jsonwebtoken": "^8.5.8",
    "@types/uuid": "^8.3.4",
    "cors": "^2.8.5",
    "debug": "^4.3.4",
    "dotenv": "^16.0.1",
    "express": "^4.18.1",
    "firebase-admin": "^10.2.0",
    "firebase-functions": "^4.1.1",
    "http": "0.0.1-security",
    "jsonwebtoken": "^8.5.1",
    "nodemon": "^2.0.19",
    "pg": "^8.7.3",
    "sqlite3": "^5.0.8",
    "swagger-ui-express": "^4.6.0",
    "typeorm": "^0.3.6",
    "typescript": "^4.7.3",
    "uuid": "^8.3.2"
  },
  "devDependencies": {
    "@types/cors": "^2.8.12",
    "@types/debug": "^4.1.7",
    "@types/express": "^4.17.13",
    "@types/swagger-ui-express": "^4.1.3",
    "reflect-metadata": "^0.1.13",
    "ts-node": "^10.9.1",
    "ts-node-dev": "^2.0.0",
    "typescript": "^4.6.4"
  },
  "private": true
}
[debug] [2023-01-03T20:33:08.770Z] Building nodejs source
[debug] [2023-01-03T20:33:08.775Z] Failed to validate key PORT: Error: Key PORT is reserved for internal use.
[error] !!  functions: Failed to load function definition from source: FirebaseError: Failed to load environment variables from .env. {"metadata":{"emulator":{"name":"functions"},"message":"Failed to load function definition from source: FirebaseError: Failed to load environment variables from .env."}}
[info] 
┌─────────────────────────────────────────────────────────────┐
│ ✔  All emulators ready! It is now safe to connect your app. │
│ i  View Emulator UI at http://127.0.0.1:4000/               │
└─────────────────────────────────────────────────────────────┘

┌───────────┬────────────────┬─────────────────────────────────┐
│ Emulator  │ Host:Port      │ View in Emulator UI             │
├───────────┼────────────────┼─────────────────────────────────┤
│ Functions │ 127.0.0.1:5001 │ http://127.0.0.1:4000/functions │
├───────────┼────────────────┼─────────────────────────────────┤
│ Hosting   │ 127.0.0.1:5000 │ n/a                             │
└───────────┴────────────────┴─────────────────────────────────┘
  Emulator Hub running at 127.0.0.1:4400
  Other reserved ports: 4500

Issues? Report them at https://github.com/firebase/firebase-tools/issues and attach the *-debug.log files.
 
[debug] [2023-01-04T05:08:27.193Z] ----------------------------------------------------------------------
[debug] [2023-01-04T05:08:27.198Z] Command:       C:\Program Files\nodejs\node.exe C:\Users\joannegs\AppData\Roaming\npm\node_modules\firebase-tools\lib\bin\firebase.js emulators:start --only functions,hosting
[debug] [2023-01-04T05:08:27.199Z] CLI Version:   11.19.0
[debug] [2023-01-04T05:08:27.199Z] Platform:      win32
[debug] [2023-01-04T05:08:27.199Z] Node Version:  v16.16.0
[debug] [2023-01-04T05:08:27.206Z] Time:          Wed Jan 04 2023 02:08:27 GMT-0300 (Horário Padrão de Brasília)
[debug] [2023-01-04T05:08:27.207Z] ----------------------------------------------------------------------
[debug] 
[debug] [2023-01-04T05:08:27.215Z] >>> [apiv2][query] GET https://firebase-public.firebaseio.com/cli.json [none]
[debug] [2023-01-04T05:08:27.431Z] > command requires scopes: ["email","openid","https://www.googleapis.com/auth/cloudplatformprojects.readonly","https://www.googleapis.com/auth/firebase","https://www.googleapis.com/auth/cloud-platform"]
[debug] [2023-01-04T05:08:27.432Z] > authorizing via signed-in user (ufapedev@gmail.com)
[info] i  emulators: Starting emulators: functions, hosting {"metadata":{"emulator":{"name":"hub"},"message":"Starting emulators: functions, hosting"}}
[debug] [2023-01-04T05:08:27.461Z] [logging] Logging Emulator only supports listening on one address (127.0.0.1). Not listening on ::1
[debug] [2023-01-04T05:08:27.461Z] [hosting] Hosting Emulator only supports listening on one address (127.0.0.1). Not listening on ::1
[debug] [2023-01-04T05:08:27.462Z] assigned listening specs for emulators {"user":{"hub":[{"address":"127.0.0.1","family":"IPv4","port":4400},{"address":"::1","family":"IPv6","port":4400}],"ui":[{"address":"127.0.0.1","family":"IPv4","port":4000},{"address":"::1","family":"IPv6","port":4000}],"logging":[{"address":"127.0.0.1","family":"IPv4","port":4500}],"hosting":[{"address":"127.0.0.1","family":"IPv4","port":5000}]},"metadata":{"message":"assigned listening specs for emulators"}}
[warn] !  emulators: It seems that you are running multiple instances of the emulator suite for project api-pyre. This may result in unexpected behavior. 
[debug] [2023-01-04T05:08:27.482Z] [hub] writing locator at C:\Users\joannegs\AppData\Local\Temp\hub-api-pyre.json
[warn] !  Unable to fetch the CLI MOTD and remote config. 
[debug] [2023-01-04T05:08:27.497Z] Failed to fetch MOTD FirebaseError: Failed to make request to https://firebase-public.firebaseio.com/cli.json
[debug] [2023-01-04T05:08:27.552Z] [functions] Functions Emulator only supports listening on one address (127.0.0.1). Not listening on ::1
[debug] [2023-01-04T05:08:27.553Z] [eventarc] Eventarc Emulator only supports listening on one address (127.0.0.1). Not listening on ::1
[debug] [2023-01-04T05:08:27.553Z] late-assigned ports for functions and eventarc emulators {"user":{"hub":[{"address":"127.0.0.1","family":"IPv4","port":4400},{"address":"::1","family":"IPv6","port":4400}],"ui":[{"address":"127.0.0.1","family":"IPv4","port":4000},{"address":"::1","family":"IPv6","port":4000}],"logging":[{"address":"127.0.0.1","family":"IPv4","port":4500}],"hosting":[{"address":"127.0.0.1","family":"IPv4","port":5000}],"functions":[{"address":"127.0.0.1","family":"IPv4","port":5001}],"eventarc":[{"address":"127.0.0.1","family":"IPv4","port":9299}]},"metadata":{"message":"late-assigned ports for functions and eventarc emulators"}}
[warn] !  functions: The following emulators are not running, calls to these services from the Functions emulator will affect production: auth, firestore, database, pubsub, storage {"metadata":{"emulator":{"name":"functions"},"message":"The following emulators are not running, calls to these services from the Functions emulator will affect production: \u001b[1mauth, firestore, database, pubsub, storage\u001b[22m"}}
[info] +  functions: Using node@16 from host. {"metadata":{"emulator":{"name":"functions"},"message":"Using node@16 from host."}}
[debug] [2023-01-04T05:08:27.615Z] defaultcredentials: writing to file C:\Users\joannegs\AppData\Roaming\firebase\ufapedev_gmail_com_application_default_credentials.json
[debug] [2023-01-04T05:08:27.621Z] Setting GAC to C:\Users\joannegs\AppData\Roaming\firebase\ufapedev_gmail_com_application_default_credentials.json {"metadata":{"emulator":{"name":"functions"},"message":"Setting GAC to C:\\Users\\joannegs\\AppData\\Roaming\\firebase\\ufapedev_gmail_com_application_default_credentials.json"}}
[debug] [2023-01-04T05:08:27.623Z] > refreshing access token with scopes: []
[debug] [2023-01-04T05:08:27.625Z] >>> [apiv2][query] POST https://www.googleapis.com/oauth2/v3/token [none]
[debug] [2023-01-04T05:08:27.625Z] >>> [apiv2][body] POST https://www.googleapis.com/oauth2/v3/token [omitted]
[debug] [2023-01-04T05:08:27.630Z] Failed to get Admin SDK config for api-pyre, falling back to cacheFailed to get Admin SDK for Firebase project api-pyre. Please make sure the project exists and your account has permission to access it. {"name":"FirebaseError","children":[],"exit":2,"message":"Failed to get Admin SDK for Firebase project api-pyre. Please make sure the project exists and your account has permission to access it.","original":{"name":"FirebaseError","children":[],"exit":1,"message":"Authentication Error: Your credentials are no longer valid. Please run \u001b[1mfirebase login --reauth\u001b[22m\n\nFor CI servers and headless environments, generate a new token with \u001b[1mfirebase login:ci\u001b[22m","status":500},"status":500}
[debug] [2023-01-04T05:08:27.658Z] > refreshing access token with scopes: []
[debug] [2023-01-04T05:08:27.658Z] >>> [apiv2][query] POST https://www.googleapis.com/oauth2/v3/token [none]
[debug] [2023-01-04T05:08:27.659Z] >>> [apiv2][body] POST https://www.googleapis.com/oauth2/v3/token [omitted]
[debug] [2023-01-04T05:08:27.664Z] Failed to list hosting sites
[debug] Authentication Error: Your credentials are no longer valid. Please run firebase login --reauth

For CI servers and headless environments, generate a new token with firebase login:ci
[debug] [2023-01-04T05:08:27.665Z] > refreshing access token with scopes: []
[debug] [2023-01-04T05:08:27.666Z] >>> [apiv2][query] POST https://www.googleapis.com/oauth2/v3/token [none]
[debug] [2023-01-04T05:08:27.666Z] >>> [apiv2][body] POST https://www.googleapis.com/oauth2/v3/token [omitted]
[debug] [2023-01-04T05:08:27.670Z] fetchWebSetup error: FirebaseError: Authentication Error: Your credentials are no longer valid. Please run firebase login --reauth

For CI servers and headless environments, generate a new token with firebase login:ci
[warn] !  hosting: Using web app configuration from cache. 
[debug] [2023-01-04T05:08:27.674Z] > refreshing access token with scopes: []
[debug] [2023-01-04T05:08:27.675Z] >>> [apiv2][query] POST https://www.googleapis.com/oauth2/v3/token [none]
[debug] [2023-01-04T05:08:27.675Z] >>> [apiv2][body] POST https://www.googleapis.com/oauth2/v3/token [omitted]
[debug] [2023-01-04T05:08:27.679Z] Authentication Error: Your credentials are no longer valid. Please run firebase login --reauth

For CI servers and headless environments, generate a new token with firebase login:ci
[debug] [2023-01-04T05:08:27.681Z] Specified "public" directory "public" does not exist; Deploy to Hosting site "api-pyre" may fail or be empty.
[info] i  hosting[api-pyre]: Serving hosting files from: public {"metadata":{"emulator":{"name":"hosting"},"message":"Serving hosting files from: \u001b[1mpublic\u001b[22m"}}
[info] +  hosting[api-pyre]: Local server: http://127.0.0.1:5000 {"metadata":{"emulator":{"name":"hosting"},"message":"Local server: \u001b[4m\u001b[1mhttp://127.0.0.1:5000\u001b[22m\u001b[24m"}}
[debug] [2023-01-04T05:08:27.738Z] Ignoring unsupported arg: auto_download {"metadata":{"emulator":{"name":"ui"},"message":"Ignoring unsupported arg: auto_download"}}
[debug] [2023-01-04T05:08:27.739Z] Ignoring unsupported arg: port {"metadata":{"emulator":{"name":"ui"},"message":"Ignoring unsupported arg: port"}}
[debug] [2023-01-04T05:08:27.739Z] Starting Emulator UI with command {"binary":"node","args":["C:\\Users\\joannegs\\.cache\\firebase\\emulators\\ui-v1.11.1\\server\\server.js"],"optionalArgs":[],"joinArgs":false} {"metadata":{"emulator":{"name":"ui"},"message":"Starting Emulator UI with command {\"binary\":\"node\",\"args\":[\"C:\\\\Users\\\\joannegs\\\\.cache\\\\firebase\\\\emulators\\\\ui-v1.11.1\\\\server\\\\server.js\"],\"optionalArgs\":[],\"joinArgs\":false}"}}
[info] i  ui: Emulator UI logging to ui-debug.log {"metadata":{"emulator":{"name":"ui"},"message":"Emulator UI logging to \u001b[1mui-debug.log\u001b[22m"}}
[debug] [2023-01-04T05:08:28.055Z] Web / API server started at 127.0.0.1:4000
 {"metadata":{"emulator":{"name":"ui"},"message":"Web / API server started at 127.0.0.1:4000\n"}}
[debug] [2023-01-04T05:08:28.057Z] Web / API server started at ::1:4000
 {"metadata":{"emulator":{"name":"ui"},"message":"Web / API server started at ::1:4000\n"}}
[info] i  functions: Watching "C:\Users\joannegs\Desktop\projects\projeto-cultural\server\functions" for Cloud Functions... {"metadata":{"emulator":{"name":"functions"},"message":"Watching \"C:\\Users\\joannegs\\Desktop\\projects\\projeto-cultural\\server\\functions\" for Cloud Functions..."}}
[debug] [2023-01-04T05:08:28.318Z] Validating nodejs source
[debug] [2023-01-04T05:09:41.034Z] > [functions] package.json contents: {
  "name": "functions",
  "scripts": {
    "build": "tsc",
    "build:watch": "tsc --watch",
    "serve": "npm run build && firebase emulators:start --only functions,hosting",
    "shell": "npm run build && firebase functions:shell",
    "start": "npm run shell",
    "deploy": "firebase deploy --only functions",
    "logs": "firebase functions:log"
  },
  "engines": {
    "node": "16"
  },
  "main": "lib/functions/src/index.js",
  "dependencies": {
    "@types/jsonwebtoken": "^8.5.8",
    "@types/uuid": "^8.3.4",
    "cors": "^2.8.5",
    "debug": "^4.3.4",
    "dotenv": "^16.0.1",
    "express": "^4.18.1",
    "firebase-admin": "^10.2.0",
    "firebase-functions": "^4.1.1",
    "http": "0.0.1-security",
    "jsonwebtoken": "^8.5.1",
    "nodemon": "^2.0.19",
    "pg": "^8.7.3",
    "sqlite3": "^5.0.8",
    "swagger-ui-express": "^4.6.0",
    "typeorm": "^0.3.6",
    "typescript": "^4.7.3",
    "uuid": "^8.3.2"
  },
  "devDependencies": {
    "@types/cors": "^2.8.12",
    "@types/debug": "^4.1.7",
    "@types/express": "^4.17.13",
    "@types/swagger-ui-express": "^4.1.3",
    "reflect-metadata": "^0.1.13",
    "ts-node": "^10.9.1",
    "ts-node-dev": "^2.0.0",
    "typescript": "^4.6.4"
  },
  "private": true
}
[debug] [2023-01-04T05:09:41.035Z] Building nodejs source
[debug] [2023-01-04T05:09:41.042Z] Could not find functions.yaml. Must use http discovery
[debug] [2023-01-04T05:09:41.825Z] Serving at port 9005

[debug] [2023-01-04T05:09:46.745Z] Got response from /__/functions.yaml {"endpoints":{"api":{"platform":"gcfv1","availableMemoryMb":null,"timeoutSeconds":null,"minInstances":null,"maxInstances":null,"ingressSettings":null,"serviceAccountEmail":null,"vpc":null,"httpsTrigger":{},"entryPoint":"api"}},"specVersion":"v1alpha1","requiredAPIs":[]}
[debug] [2023-01-04T05:09:46.778Z] shutdown requested via /__/quitquitquit

[info] +  functions: Loaded functions definitions from source: api. {"metadata":{"emulator":{"name":"functions"},"message":"Loaded functions definitions from source: api."}}
[info] +  functions[us-central1-api]: http function initialized (http://127.0.0.1:5001/api-pyre/us-central1/api). {"metadata":{"emulator":{"name":"functions"},"message":"\u001b[1mhttp\u001b[22m function initialized (http://127.0.0.1:5001/api-pyre/us-central1/api)."}}
[info] 
┌─────────────────────────────────────────────────────────────┐
│ ✔  All emulators ready! It is now safe to connect your app. │
│ i  View Emulator UI at http://127.0.0.1:4000/               │
└─────────────────────────────────────────────────────────────┘

┌───────────┬────────────────┬─────────────────────────────────┐
│ Emulator  │ Host:Port      │ View in Emulator UI             │
├───────────┼────────────────┼─────────────────────────────────┤
│ Functions │ 127.0.0.1:5001 │ http://127.0.0.1:4000/functions │
├───────────┼────────────────┼─────────────────────────────────┤
│ Hosting   │ 127.0.0.1:5000 │ n/a                             │
└───────────┴────────────────┴─────────────────────────────────┘
  Emulator Hub running at 127.0.0.1:4400
  Other reserved ports: 4500

Issues? Report them at https://github.com/firebase/firebase-tools/issues and attach the *-debug.log files.
 
